2015-11-10 15:49:26 [::1][-][-][error][ReflectionException] exception 'ReflectionException' with message 'Class yii\debug\Module does not exist' in C:\xampp\htdocs\rgweb\vendor\yiisoft\yii2\di\Container.php:415
Stack trace:
#0 C:\xampp\htdocs\rgweb\vendor\yiisoft\yii2\di\Container.php(415): ReflectionClass->__construct('yii\\debug\\Modul...')
#1 C:\xampp\htdocs\rgweb\vendor\yiisoft\yii2\di\Container.php(358): yii\di\Container->getDependencies('yii\\debug\\Modul...')
#2 C:\xampp\htdocs\rgweb\vendor\yiisoft\yii2\di\Container.php(151): yii\di\Container->build('yii\\debug\\Modul...', Array, Array)
#3 C:\xampp\htdocs\rgweb\vendor\yiisoft\yii2\BaseYii.php(344): yii\di\Container->get('yii\\debug\\Modul...', Array, Array)
#4 C:\xampp\htdocs\rgweb\vendor\yiisoft\yii2\base\Module.php(354): yii\BaseYii::createObject(Array, Array)
#5 C:\xampp\htdocs\rgweb\vendor\yiisoft\yii2\base\Application.php(304): yii\base\Module->getModule('debug')
#6 C:\xampp\htdocs\rgweb\vendor\yiisoft\yii2\web\Application.php(63): yii\base\Application->bootstrap()
#7 C:\xampp\htdocs\rgweb\vendor\yiisoft\yii2\base\Application.php(267): yii\web\Application->bootstrap()
#8 C:\xampp\htdocs\rgweb\vendor\yiisoft\yii2\base\Object.php(107): yii\base\Application->init()
#9 C:\xampp\htdocs\rgweb\vendor\yiisoft\yii2\base\Application.php(206): yii\base\Object->__construct(Array)
#10 C:\xampp\htdocs\rgweb\web\index.php(12): yii\base\Application->__construct(Array)
#11 {main}
2015-11-10 15:49:26 [::1][-][-][info][application] $_COOKIE = [
    '_ga' => 'GA1.1.634536600.1438226305'
]

$_SERVER = [
    'MIBDIRS' => 'C:/xampp/php/extras/mibs'
    'MYSQL_HOME' => '\\xampp\\mysql\\bin'
    'OPENSSL_CONF' => 'C:/xampp/apache/bin/openssl.cnf'
    'PHP_PEAR_SYSCONF_DIR' => '\\xampp\\php'
    'PHPRC' => '\\xampp\\php'
    'TMP' => '\\xampp\\tmp'
    'HTTP_HOST' => 'localhost'
    'HTTP_USER_AGENT' => 'Mozilla/5.0 (Windows NT 10.0; WOW64; rv:42.0) Gecko/20100101 Firefox/42.0'
    'HTTP_ACCEPT' => 'text/html,application/xhtml+xml,application/xml;q=0.9,*/*;q=0.8'
    'HTTP_ACCEPT_LANGUAGE' => 'en-US,en;q=0.5'
    'HTTP_ACCEPT_ENCODING' => 'gzip, deflate'
    'HTTP_COOKIE' => '_ga=GA1.1.634536600.1438226305'
    'HTTP_CONNECTION' => 'keep-alive'
    'PATH' => 'C:\\ProgramData\\Oracle\\Java\\javapath;C:\\Windows\\system32;C:\\Windows;C:\\Windows\\System32\\Wbem;C:\\Windows\\System32\\WindowsPowerShell\\v1.0\\;C:\\Program Files (x86)\\ATI Technologies\\ATI.ACE\\Core-Static;C:\\Program Files (x86)\\SSH Communications Security\\SSH Secure Shell;C:\\xampp\\php;C:\\Program Files (x86)\\Git\\bin\\;'
    'SystemRoot' => 'C:\\Windows'
    'COMSPEC' => 'C:\\Windows\\system32\\cmd.exe'
    'PATHEXT' => '.COM;.EXE;.BAT;.CMD;.VBS;.VBE;.JS;.JSE;.WSF;.WSH;.MSC'
    'WINDIR' => 'C:\\Windows'
    'SERVER_SIGNATURE' => '<address>Apache/2.4.12 (Win32) OpenSSL/1.0.1m PHP/5.6.11 Server at localhost Port 80</address>
'
    'SERVER_SOFTWARE' => 'Apache/2.4.12 (Win32) OpenSSL/1.0.1m PHP/5.6.11'
    'SERVER_NAME' => 'localhost'
    'SERVER_ADDR' => '::1'
    'SERVER_PORT' => '80'
    'REMOTE_ADDR' => '::1'
    'DOCUMENT_ROOT' => 'C:/xampp/htdocs'
    'REQUEST_SCHEME' => 'http'
    'CONTEXT_PREFIX' => ''
    'CONTEXT_DOCUMENT_ROOT' => 'C:/xampp/htdocs'
    'SERVER_ADMIN' => 'postmaster@localhost'
    'SCRIPT_FILENAME' => 'C:/xampp/htdocs/rgweb/web/index.php'
    'REMOTE_PORT' => '52915'
    'GATEWAY_INTERFACE' => 'CGI/1.1'
    'SERVER_PROTOCOL' => 'HTTP/1.1'
    'REQUEST_METHOD' => 'GET'
    'QUERY_STRING' => ''
    'REQUEST_URI' => '/rgweb/web/'
    'SCRIPT_NAME' => '/rgweb/web/index.php'
    'PHP_SELF' => '/rgweb/web/index.php'
    'REQUEST_TIME_FLOAT' => 1447166966.941
    'REQUEST_TIME' => 1447166966
]
2015-11-10 15:49:42 [::1][-][-][error][yii\base\InvalidConfigException] exception 'yii\base\InvalidConfigException' with message 'yii\web\Request::cookieValidationKey must be configured with a secret key.' in C:\xampp\htdocs\rgweb\vendor\yiisoft\yii2\web\Request.php:1219
Stack trace:
#0 C:\xampp\htdocs\rgweb\vendor\yiisoft\yii2\web\Request.php(1201): yii\web\Request->loadCookies()
#1 C:\xampp\htdocs\rgweb\vendor\yiisoft\yii2\web\Request.php(1287): yii\web\Request->getCookies()
#2 C:\xampp\htdocs\rgweb\vendor\yiisoft\yii2\web\Request.php(1266): yii\web\Request->loadCsrfToken()
#3 C:\xampp\htdocs\rgweb\vendor\yiisoft\yii2\helpers\BaseHtml.php(286): yii\web\Request->getCsrfToken()
#4 C:\xampp\htdocs\rgweb\views\layouts\main.php(20): yii\helpers\BaseHtml::csrfMetaTags()
#5 C:\xampp\htdocs\rgweb\vendor\yiisoft\yii2\base\View.php(325): require('C:\\xampp\\htdocs...')
#6 C:\xampp\htdocs\rgweb\vendor\yiisoft\yii2\base\View.php(247): yii\base\View->renderPhpFile('C:\\xampp\\htdocs...', Array)
#7 C:\xampp\htdocs\rgweb\vendor\yiisoft\yii2\base\Controller.php(386): yii\base\View->renderFile('C:\\xampp\\htdocs...', Array, Object(app\controllers\SiteController))
#8 C:\xampp\htdocs\rgweb\vendor\yiisoft\yii2\base\Controller.php(372): yii\base\Controller->renderContent('<div class="sit...')
#9 C:\xampp\htdocs\rgweb\controllers\SiteController.php(52): yii\base\Controller->render('index')
#10 [internal function]: app\controllers\SiteController->actionIndex()
#11 C:\xampp\htdocs\rgweb\vendor\yiisoft\yii2\base\InlineAction.php(55): call_user_func_array(Array, Array)
#12 C:\xampp\htdocs\rgweb\vendor\yiisoft\yii2\base\Controller.php(151): yii\base\InlineAction->runWithParams(Array)
#13 C:\xampp\htdocs\rgweb\vendor\yiisoft\yii2\base\Module.php(455): yii\base\Controller->runAction('', Array)
#14 C:\xampp\htdocs\rgweb\vendor\yiisoft\yii2\web\Application.php(84): yii\base\Module->runAction('', Array)
#15 C:\xampp\htdocs\rgweb\vendor\yiisoft\yii2\base\Application.php(375): yii\web\Application->handleRequest(Object(yii\web\Request))
#16 C:\xampp\htdocs\rgweb\web\index.php(12): yii\base\Application->run()
#17 {main}
2015-11-10 15:49:42 [::1][-][-][info][application] $_COOKIE = [
    '_ga' => 'GA1.1.634536600.1438226305'
]

$_SERVER = [
    'MIBDIRS' => 'C:/xampp/php/extras/mibs'
    'MYSQL_HOME' => '\\xampp\\mysql\\bin'
    'OPENSSL_CONF' => 'C:/xampp/apache/bin/openssl.cnf'
    'PHP_PEAR_SYSCONF_DIR' => '\\xampp\\php'
    'PHPRC' => '\\xampp\\php'
    'TMP' => '\\xampp\\tmp'
    'HTTP_HOST' => 'localhost'
    'HTTP_USER_AGENT' => 'Mozilla/5.0 (Windows NT 10.0; WOW64; rv:42.0) Gecko/20100101 Firefox/42.0'
    'HTTP_ACCEPT' => 'text/html,application/xhtml+xml,application/xml;q=0.9,*/*;q=0.8'
    'HTTP_ACCEPT_LANGUAGE' => 'en-US,en;q=0.5'
    'HTTP_ACCEPT_ENCODING' => 'gzip, deflate'
    'HTTP_COOKIE' => '_ga=GA1.1.634536600.1438226305'
    'HTTP_CONNECTION' => 'keep-alive'
    'HTTP_CACHE_CONTROL' => 'max-age=0'
    'PATH' => 'C:\\ProgramData\\Oracle\\Java\\javapath;C:\\Windows\\system32;C:\\Windows;C:\\Windows\\System32\\Wbem;C:\\Windows\\System32\\WindowsPowerShell\\v1.0\\;C:\\Program Files (x86)\\ATI Technologies\\ATI.ACE\\Core-Static;C:\\Program Files (x86)\\SSH Communications Security\\SSH Secure Shell;C:\\xampp\\php;C:\\Program Files (x86)\\Git\\bin\\;'
    'SystemRoot' => 'C:\\Windows'
    'COMSPEC' => 'C:\\Windows\\system32\\cmd.exe'
    'PATHEXT' => '.COM;.EXE;.BAT;.CMD;.VBS;.VBE;.JS;.JSE;.WSF;.WSH;.MSC'
    'WINDIR' => 'C:\\Windows'
    'SERVER_SIGNATURE' => '<address>Apache/2.4.12 (Win32) OpenSSL/1.0.1m PHP/5.6.11 Server at localhost Port 80</address>
'
    'SERVER_SOFTWARE' => 'Apache/2.4.12 (Win32) OpenSSL/1.0.1m PHP/5.6.11'
    'SERVER_NAME' => 'localhost'
    'SERVER_ADDR' => '::1'
    'SERVER_PORT' => '80'
    'REMOTE_ADDR' => '::1'
    'DOCUMENT_ROOT' => 'C:/xampp/htdocs'
    'REQUEST_SCHEME' => 'http'
    'CONTEXT_PREFIX' => ''
    'CONTEXT_DOCUMENT_ROOT' => 'C:/xampp/htdocs'
    'SERVER_ADMIN' => 'postmaster@localhost'
    'SCRIPT_FILENAME' => 'C:/xampp/htdocs/rgweb/web/index.php'
    'REMOTE_PORT' => '52919'
    'GATEWAY_INTERFACE' => 'CGI/1.1'
    'SERVER_PROTOCOL' => 'HTTP/1.1'
    'REQUEST_METHOD' => 'GET'
    'QUERY_STRING' => ''
    'REQUEST_URI' => '/rgweb/web/'
    'SCRIPT_NAME' => '/rgweb/web/index.php'
    'PHP_SELF' => '/rgweb/web/index.php'
    'REQUEST_TIME_FLOAT' => 1447166982.531
    'REQUEST_TIME' => 1447166982
]
2015-11-10 15:49:46 [::1][-][-][error][yii\base\InvalidConfigException] exception 'yii\base\InvalidConfigException' with message 'yii\web\Request::cookieValidationKey must be configured with a secret key.' in C:\xampp\htdocs\rgweb\vendor\yiisoft\yii2\web\Request.php:1219
Stack trace:
#0 C:\xampp\htdocs\rgweb\vendor\yiisoft\yii2\web\Request.php(1201): yii\web\Request->loadCookies()
#1 C:\xampp\htdocs\rgweb\vendor\yiisoft\yii2\web\Request.php(1287): yii\web\Request->getCookies()
#2 C:\xampp\htdocs\rgweb\vendor\yiisoft\yii2\web\Request.php(1266): yii\web\Request->loadCsrfToken()
#3 C:\xampp\htdocs\rgweb\vendor\yiisoft\yii2\helpers\BaseHtml.php(286): yii\web\Request->getCsrfToken()
#4 C:\xampp\htdocs\rgweb\views\layouts\main.php(20): yii\helpers\BaseHtml::csrfMetaTags()
#5 C:\xampp\htdocs\rgweb\vendor\yiisoft\yii2\base\View.php(325): require('C:\\xampp\\htdocs...')
#6 C:\xampp\htdocs\rgweb\vendor\yiisoft\yii2\base\View.php(247): yii\base\View->renderPhpFile('C:\\xampp\\htdocs...', Array)
#7 C:\xampp\htdocs\rgweb\vendor\yiisoft\yii2\base\Controller.php(386): yii\base\View->renderFile('C:\\xampp\\htdocs...', Array, Object(app\controllers\SiteController))
#8 C:\xampp\htdocs\rgweb\vendor\yiisoft\yii2\base\Controller.php(372): yii\base\Controller->renderContent('<div class="sit...')
#9 C:\xampp\htdocs\rgweb\controllers\SiteController.php(52): yii\base\Controller->render('index')
#10 [internal function]: app\controllers\SiteController->actionIndex()
#11 C:\xampp\htdocs\rgweb\vendor\yiisoft\yii2\base\InlineAction.php(55): call_user_func_array(Array, Array)
#12 C:\xampp\htdocs\rgweb\vendor\yiisoft\yii2\base\Controller.php(151): yii\base\InlineAction->runWithParams(Array)
#13 C:\xampp\htdocs\rgweb\vendor\yiisoft\yii2\base\Module.php(455): yii\base\Controller->runAction('', Array)
#14 C:\xampp\htdocs\rgweb\vendor\yiisoft\yii2\web\Application.php(84): yii\base\Module->runAction('', Array)
#15 C:\xampp\htdocs\rgweb\vendor\yiisoft\yii2\base\Application.php(375): yii\web\Application->handleRequest(Object(yii\web\Request))
#16 C:\xampp\htdocs\rgweb\web\index.php(12): yii\base\Application->run()
#17 {main}
2015-11-10 15:49:46 [::1][-][-][info][application] $_COOKIE = [
    '_ga' => 'GA1.1.634536600.1438226305'
]

$_SERVER = [
    'MIBDIRS' => 'C:/xampp/php/extras/mibs'
    'MYSQL_HOME' => '\\xampp\\mysql\\bin'
    'OPENSSL_CONF' => 'C:/xampp/apache/bin/openssl.cnf'
    'PHP_PEAR_SYSCONF_DIR' => '\\xampp\\php'
    'PHPRC' => '\\xampp\\php'
    'TMP' => '\\xampp\\tmp'
    'HTTP_HOST' => 'localhost'
    'HTTP_USER_AGENT' => 'Mozilla/5.0 (Windows NT 10.0; WOW64; rv:42.0) Gecko/20100101 Firefox/42.0'
    'HTTP_ACCEPT' => 'text/html,application/xhtml+xml,application/xml;q=0.9,*/*;q=0.8'
    'HTTP_ACCEPT_LANGUAGE' => 'en-US,en;q=0.5'
    'HTTP_ACCEPT_ENCODING' => 'gzip, deflate'
    'HTTP_COOKIE' => '_ga=GA1.1.634536600.1438226305'
    'HTTP_CONNECTION' => 'keep-alive'
    'HTTP_CACHE_CONTROL' => 'max-age=0'
    'PATH' => 'C:\\ProgramData\\Oracle\\Java\\javapath;C:\\Windows\\system32;C:\\Windows;C:\\Windows\\System32\\Wbem;C:\\Windows\\System32\\WindowsPowerShell\\v1.0\\;C:\\Program Files (x86)\\ATI Technologies\\ATI.ACE\\Core-Static;C:\\Program Files (x86)\\SSH Communications Security\\SSH Secure Shell;C:\\xampp\\php;C:\\Program Files (x86)\\Git\\bin\\;'
    'SystemRoot' => 'C:\\Windows'
    'COMSPEC' => 'C:\\Windows\\system32\\cmd.exe'
    'PATHEXT' => '.COM;.EXE;.BAT;.CMD;.VBS;.VBE;.JS;.JSE;.WSF;.WSH;.MSC'
    'WINDIR' => 'C:\\Windows'
    'SERVER_SIGNATURE' => '<address>Apache/2.4.12 (Win32) OpenSSL/1.0.1m PHP/5.6.11 Server at localhost Port 80</address>
'
    'SERVER_SOFTWARE' => 'Apache/2.4.12 (Win32) OpenSSL/1.0.1m PHP/5.6.11'
    'SERVER_NAME' => 'localhost'
    'SERVER_ADDR' => '::1'
    'SERVER_PORT' => '80'
    'REMOTE_ADDR' => '::1'
    'DOCUMENT_ROOT' => 'C:/xampp/htdocs'
    'REQUEST_SCHEME' => 'http'
    'CONTEXT_PREFIX' => ''
    'CONTEXT_DOCUMENT_ROOT' => 'C:/xampp/htdocs'
    'SERVER_ADMIN' => 'postmaster@localhost'
    'SCRIPT_FILENAME' => 'C:/xampp/htdocs/rgweb/web/index.php'
    'REMOTE_PORT' => '52920'
    'GATEWAY_INTERFACE' => 'CGI/1.1'
    'SERVER_PROTOCOL' => 'HTTP/1.1'
    'REQUEST_METHOD' => 'GET'
    'QUERY_STRING' => ''
    'REQUEST_URI' => '/rgweb/web/'
    'SCRIPT_NAME' => '/rgweb/web/index.php'
    'PHP_SELF' => '/rgweb/web/index.php'
    'REQUEST_TIME_FLOAT' => 1447166986.575
    'REQUEST_TIME' => 1447166986
]
